<?xml version="1.0" encoding="UTF-8"?>
<!-- Generated by org.testng.reporters.JUnitReportReporter -->
<testsuite skipped="0" hostname="E0261565" name="com.komoot.testcases.TC002_verifyValidLogin" tests="1" failures="0" timestamp="17 May 2018 19:45:14 GMT" time="20.595" errors="0">
  <testcase name="verifyLogInScreen" time="20.595" classname="com.komoot.testcases.TC002_verifyValidLogin"/>
</testsuite> <!-- com.komoot.testcases.TC002_verifyValidLogin -->
