<?xml version="1.0" encoding="UTF-8"?>
<!-- Generated by org.testng.reporters.JUnitReportReporter -->
<testsuite skipped="0" hostname="E0261565" name="com.komoot.testcases.TC002_ValidUserLoginTest" tests="1" failures="0" timestamp="21 May 2018 00:52:32 GMT" time="24.876" errors="0">
  <testcase name="verifyValidUserLogInAndScreenElements" time="24.876" classname="com.komoot.testcases.TC002_ValidUserLoginTest"/>
</testsuite> <!-- com.komoot.testcases.TC002_ValidUserLoginTest -->
