<?xml version="1.0" encoding="UTF-8"?>
<!-- Generated by org.testng.reporters.JUnitReportReporter -->
<testsuite skipped="0" hostname="E0261565" name="com.komoot.testcases.HomepageUITest" tests="1" failures="0" timestamp="16 May 2018 22:01:10 GMT" time="0.947" errors="0">
  <testcase name="someTest" time="0.947" classname="com.komoot.testcases.HomepageUITest"/>
</testsuite> <!-- com.komoot.testcases.HomepageUITest -->
