<?xml version="1.0" encoding="UTF-8"?>
<!-- Generated by org.testng.reporters.JUnitReportReporter -->
<testsuite skipped="0" hostname="E0261565" name="com.komoot.testcases.TC005_SeacrhTourTest" tests="1" failures="0" timestamp="21 May 2018 09:43:24 GMT" time="34.326" errors="0">
  <testcase name="verifySearchTourTest" time="34.326" classname="com.komoot.testcases.TC005_SeacrhTourTest"/>
</testsuite> <!-- com.komoot.testcases.TC005_SeacrhTourTest -->
