<?xml version="1.0" encoding="UTF-8"?>
<!-- Generated by org.testng.reporters.JUnitReportReporter -->
<testsuite skipped="0" hostname="E0261565" name="com.komoot.testcases.TC001_HomepageUITest" tests="1" failures="0" timestamp="17 May 2018 19:00:03 GMT" time="4.090" errors="0">
  <testcase name="verifyHomepageElements" time="4.090" classname="com.komoot.testcases.TC001_HomepageUITest"/>
</testsuite> <!-- com.komoot.testcases.TC001_HomepageUITest -->
