<?xml version="1.0" encoding="UTF-8"?>
<!-- Generated by org.testng.reporters.JUnitReportReporter -->
<testsuite skipped="0" hostname="E0261565" name="com.komoot.testcases.TC003_HomepageUITest" tests="1" failures="0" timestamp="21 May 2018 00:59:11 GMT" time="31.129" errors="0">
  <testcase name="verifyHomepageUITest" time="31.129" classname="com.komoot.testcases.TC003_HomepageUITest"/>
</testsuite> <!-- com.komoot.testcases.TC003_HomepageUITest -->
