<?xml version="1.0" encoding="UTF-8"?>
<!-- Generated by org.testng.reporters.JUnitReportReporter -->
<testsuite skipped="0" hostname="E0261565" name="com.komoot.testcases.TC001_WelcomePageUITest" tests="1" failures="0" timestamp="21 May 2018 09:59:02 GMT" time="11.629" errors="0">
  <testcase name="verifylaunchpageElements" time="11.629" classname="com.komoot.testcases.TC001_WelcomePageUITest"/>
</testsuite> <!-- com.komoot.testcases.TC001_WelcomePageUITest -->
