<?xml version="1.0" encoding="UTF-8"?>
<!-- Generated by org.testng.reporters.JUnitReportReporter -->
<testsuite skipped="0" hostname="E0261565" name="com.komoot.testcases.TC004_UserProfileVerificationTest" tests="1" failures="0" timestamp="21 May 2018 09:59:02 GMT" time="28.448" errors="0">
  <testcase name="verifyUserProfileVerification" time="28.448" classname="com.komoot.testcases.TC004_UserProfileVerificationTest"/>
</testsuite> <!-- com.komoot.testcases.TC004_UserProfileVerificationTest -->
