<?xml version="1.0" encoding="UTF-8"?>
<!-- Generated by org.testng.reporters.JUnitReportReporter -->
<testsuite skipped="0" hostname="E0261565" name="com.komoot.testcases.TC002_ValidUserLoginTest" tests="1" failures="0" timestamp="21 May 2018 10:18:55 GMT" time="26.931" errors="0">
  <testcase name="verifyValidUserLogInAndScreenElements" time="26.931" classname="com.komoot.testcases.TC002_ValidUserLoginTest"/>
</testsuite> <!-- com.komoot.testcases.TC002_ValidUserLoginTest -->
