<?xml version="1.0" encoding="UTF-8"?>
<!-- Generated by org.testng.reporters.JUnitReportReporter -->
<testsuite skipped="0" hostname="E0261565" name="com.komoot.testcases.TC005_SeacrhTourAndLogoutTest" tests="1" failures="0" timestamp="21 May 2018 10:18:55 GMT" time="54.339" errors="0">
  <testcase name="verifySearchTourTest" time="54.339" classname="com.komoot.testcases.TC005_SeacrhTourAndLogoutTest"/>
</testsuite> <!-- com.komoot.testcases.TC005_SeacrhTourAndLogoutTest -->
