<?xml version="1.0" encoding="UTF-8"?>
<!-- Generated by org.testng.reporters.JUnitReportReporter -->
<testsuite skipped="0" hostname="E0261565" name="com.komoot.testcases.TC004_UserProfileVerificationTest" tests="1" failures="0" timestamp="21 May 2018 10:18:55 GMT" time="30.105" errors="0">
  <testcase name="verifyUserProfileVerification" time="30.105" classname="com.komoot.testcases.TC004_UserProfileVerificationTest"/>
</testsuite> <!-- com.komoot.testcases.TC004_UserProfileVerificationTest -->
